<?xml version="1.0" encoding="UTF-8"?>
<!-- Generated by org.testng.reporters.JUnitXMLReporter -->
<testsuite hostname="ep-cp-34" name="TestTwo" tests="3" failures="1" timestamp="19 Jul 2017 06:27:48 GMT" time="0.011" errors="0">
  <testcase name="testMethodFail" time="0.003" classname="utility.TestClassTwo">
    <failure type="java.lang.AssertionError" message="expected [true] but found [false]">
      <![CDATA[java.lang.AssertionError: expected [true] but found [false]
	at utility.TestClassTwo.testMethodFail(TestClassTwo.java:18)
... Removed 28 stack frames]]>
    </failure>
  </testcase> <!-- testMethodFail -->
  <testcase name="testMethodPass" time="0.0" classname="utility.TestClassTwo"/>
  <testcase name="testMethodSkip" time="0.001" classname="utility.TestClassTwo">
    <skipped/>
  </testcase> <!-- testMethodSkip -->
</testsuite> <!-- TestTwo -->
