<?xml version="1.0" encoding="UTF-8"?>
<!-- Generated by org.testng.reporters.JUnitXMLReporter -->
<testsuite hostname="EPL-62" failures="1" tests="1" name="Test" time="20.125" errors="0" timestamp="10 Jul 2018 07:54:14 GMT">
  <testcase classname="com.easypolicy.script.TermTest" name="@AfterMethod postCondition" time="0.0">
    <failure type="java.lang.NullPointerException">
      <![CDATA[java.lang.NullPointerException
	at com.easypolicy.generic.BaseLib.postCondition(BaseLib.java:63)
... Removed 26 stack frames]]>
    </failure>
  </testcase> <!-- @AfterMethod postCondition -->
  <testcase classname="com.easypolicy.script.TermTest" name="@AfterClass suiteTearDown" time="0.0">
    <skipped/>
  </testcase> <!-- @AfterClass suiteTearDown -->
  <testcase classname="com.easypolicy.script.TermTest" name="termProductJourney" time="0.03">
    <failure type="java.lang.NullPointerException">
      <![CDATA[java.lang.NullPointerException
	at com.easypolicy.script.TermTest.termProductJourney(TermTest.java:191)
... Removed 24 stack frames]]>
    </failure>
  </testcase> <!-- termProductJourney -->
</testsuite> <!-- Test -->
