<?xml version="1.0" encoding="UTF-8"?>
<testng-results ignored="1" total="2" passed="1" failed="0" skipped="0">
  <reporter-output>
  </reporter-output>
  <suite started-at="2018-09-26T12:00:42Z" name="Default suite" finished-at="2018-09-26T12:01:06Z" duration-ms="24418">
    <groups>
    </groups>
    <test started-at="2018-09-26T12:00:42Z" name="Default test" finished-at="2018-09-26T12:01:06Z" duration-ms="24418">
      <class name="com.zikher.GetLendTech1">
        <test-method signature="changePassword()[pri:0, instance:com.zikher.GetLendTech1@4470f8a6]" started-at="2018-09-26T17:30:42Z" name="changePassword" finished-at="2018-09-26T17:31:06Z" duration-ms="24381" status="PASS">
          <reporter-output>
          </reporter-output>
        </test-method> <!-- changePassword -->
      </class> <!-- com.zikher.GetLendTech1 -->
    </test> <!-- Default test -->
  </suite> <!-- Default suite -->
</testng-results>
